ARM GAS  C:\Users\user-pc\AppData\Local\Temp\ccNUCAsI.s 			page 1


   1              		.cpu cortex-m4
   2              		.eabi_attribute 27, 1
   3              		.eabi_attribute 28, 1
   4              		.eabi_attribute 20, 1
   5              		.eabi_attribute 21, 1
   6              		.eabi_attribute 23, 3
   7              		.eabi_attribute 24, 1
   8              		.eabi_attribute 25, 1
   9              		.eabi_attribute 26, 1
  10              		.eabi_attribute 30, 1
  11              		.eabi_attribute 34, 1
  12              		.eabi_attribute 18, 4
  13              		.file	"COMPLEMENTARY.c"
  14              		.text
  15              	.Ltext0:
  16              		.cfi_sections	.debug_frame
  17              		.section	.text.COMPLEMENTARY_Initialise,"ax",%progbits
  18              		.align	1
  19              		.global	COMPLEMENTARY_Initialise
  20              		.arch armv7e-m
  21              		.syntax unified
  22              		.thumb
  23              		.thumb_func
  24              		.fpu fpv4-sp-d16
  26              	COMPLEMENTARY_Initialise:
  27              	.LVL0:
  28              	.LFB235:
  29              		.file 1 "Core/Src/COMPLEMENTARY.c"
   1:Core/Src/COMPLEMENTARY.c **** #include "COMPLEMENTARY.h"
   2:Core/Src/COMPLEMENTARY.c **** 
   3:Core/Src/COMPLEMENTARY.c **** void COMPLEMENTARY_Initialise(COMPLEMENTARY *filter, float first_parameter, float second_parameter)
   4:Core/Src/COMPLEMENTARY.c **** {
  30              		.loc 1 4 1 view -0
  31              		.cfi_startproc
  32              		@ args = 0, pretend = 0, frame = 0
  33              		@ frame_needed = 0, uses_anonymous_args = 0
  34              		@ link register save eliminated.
   5:Core/Src/COMPLEMENTARY.c ****     filter->first_parameter = first_parameter;
  35              		.loc 1 5 5 view .LVU1
  36              		.loc 1 5 29 is_stmt 0 view .LVU2
  37 0000 80ED000A 		vstr.32	s0, [r0]
   6:Core/Src/COMPLEMENTARY.c ****     filter->second_parameter = second_parameter;
  38              		.loc 1 6 5 is_stmt 1 view .LVU3
  39              		.loc 1 6 30 is_stmt 0 view .LVU4
  40 0004 C0ED010A 		vstr.32	s1, [r0, #4]
   7:Core/Src/COMPLEMENTARY.c **** }
  41              		.loc 1 7 1 view .LVU5
  42 0008 7047     		bx	lr
  43              		.cfi_endproc
  44              	.LFE235:
  46              		.section	.text.COMPLEMENTARY_Fuse,"ax",%progbits
  47              		.align	1
  48              		.global	COMPLEMENTARY_Fuse
  49              		.syntax unified
  50              		.thumb
  51              		.thumb_func
  52              		.fpu fpv4-sp-d16
ARM GAS  C:\Users\user-pc\AppData\Local\Temp\ccNUCAsI.s 			page 2


  54              	COMPLEMENTARY_Fuse:
  55              	.LVL1:
  56              	.LFB236:
   8:Core/Src/COMPLEMENTARY.c **** 
   9:Core/Src/COMPLEMENTARY.c **** float COMPLEMENTARY_Fuse(COMPLEMENTARY *filter, float first_variable, float second_variable)
  10:Core/Src/COMPLEMENTARY.c **** {
  57              		.loc 1 10 1 is_stmt 1 view -0
  58              		.cfi_startproc
  59              		@ args = 0, pretend = 0, frame = 0
  60              		@ frame_needed = 0, uses_anonymous_args = 0
  61              		@ link register save eliminated.
  11:Core/Src/COMPLEMENTARY.c ****     return filter->first_parameter * first_variable + filter->second_parameter * second_variable;
  62              		.loc 1 11 5 view .LVU7
  63              		.loc 1 11 18 is_stmt 0 view .LVU8
  64 0000 90ED007A 		vldr.32	s14, [r0]
  65              		.loc 1 11 36 view .LVU9
  66 0004 27EE000A 		vmul.f32	s0, s14, s0
  67              	.LVL2:
  68              		.loc 1 11 61 view .LVU10
  69 0008 D0ED017A 		vldr.32	s15, [r0, #4]
  70              		.loc 1 11 80 view .LVU11
  71 000c 67EEA07A 		vmul.f32	s15, s15, s1
  12:Core/Src/COMPLEMENTARY.c **** }
  72              		.loc 1 12 1 view .LVU12
  73 0010 30EE270A 		vadd.f32	s0, s0, s15
  74 0014 7047     		bx	lr
  75              		.cfi_endproc
  76              	.LFE236:
  78              		.text
  79              	.Letext0:
  80              		.file 2 "Core/Inc/COMPLEMENTARY.h"
ARM GAS  C:\Users\user-pc\AppData\Local\Temp\ccNUCAsI.s 			page 3


DEFINED SYMBOLS
                            *ABS*:00000000 COMPLEMENTARY.c
C:\Users\user-pc\AppData\Local\Temp\ccNUCAsI.s:18     .text.COMPLEMENTARY_Initialise:00000000 $t
C:\Users\user-pc\AppData\Local\Temp\ccNUCAsI.s:26     .text.COMPLEMENTARY_Initialise:00000000 COMPLEMENTARY_Initialise
C:\Users\user-pc\AppData\Local\Temp\ccNUCAsI.s:47     .text.COMPLEMENTARY_Fuse:00000000 $t
C:\Users\user-pc\AppData\Local\Temp\ccNUCAsI.s:54     .text.COMPLEMENTARY_Fuse:00000000 COMPLEMENTARY_Fuse

NO UNDEFINED SYMBOLS
