ARM GAS  C:\Users\user-pc\AppData\Local\Temp\ccwbxUCi.s 			page 1


   1              		.cpu cortex-m4
   2              		.eabi_attribute 27, 1
   3              		.eabi_attribute 28, 1
   4              		.eabi_attribute 20, 1
   5              		.eabi_attribute 21, 1
   6              		.eabi_attribute 23, 3
   7              		.eabi_attribute 24, 1
   8              		.eabi_attribute 25, 1
   9              		.eabi_attribute 26, 1
  10              		.eabi_attribute 30, 1
  11              		.eabi_attribute 34, 1
  12              		.eabi_attribute 18, 4
  13              		.file	"gpio.c"
  14              		.text
  15              	.Ltext0:
  16              		.cfi_sections	.debug_frame
  17              		.section	.text.MX_GPIO_Init,"ax",%progbits
  18              		.align	1
  19              		.global	MX_GPIO_Init
  20              		.arch armv7e-m
  21              		.syntax unified
  22              		.thumb
  23              		.thumb_func
  24              		.fpu fpv4-sp-d16
  26              	MX_GPIO_Init:
  27              	.LFB235:
  28              		.file 1 "Core/Src/gpio.c"
   1:Core/Src/gpio.c **** /**
   2:Core/Src/gpio.c ****   ******************************************************************************
   3:Core/Src/gpio.c ****   * @file    gpio.c
   4:Core/Src/gpio.c ****   * @brief   This file provides code for the configuration
   5:Core/Src/gpio.c ****   *          of all used GPIO pins.
   6:Core/Src/gpio.c ****   ******************************************************************************
   7:Core/Src/gpio.c ****   * @attention
   8:Core/Src/gpio.c ****   *
   9:Core/Src/gpio.c ****   * <h2><center>&copy; Copyright (c) 2021 STMicroelectronics.
  10:Core/Src/gpio.c ****   * All rights reserved.</center></h2>
  11:Core/Src/gpio.c ****   *
  12:Core/Src/gpio.c ****   * This software component is licensed by ST under Ultimate Liberty license
  13:Core/Src/gpio.c ****   * SLA0044, the "License"; You may not use this file except in compliance with
  14:Core/Src/gpio.c ****   * the License. You may obtain a copy of the License at:
  15:Core/Src/gpio.c ****   *                             www.st.com/SLA0044
  16:Core/Src/gpio.c ****   *
  17:Core/Src/gpio.c ****   ******************************************************************************
  18:Core/Src/gpio.c ****   */
  19:Core/Src/gpio.c **** 
  20:Core/Src/gpio.c **** /* Includes ------------------------------------------------------------------*/
  21:Core/Src/gpio.c **** #include "gpio.h"
  22:Core/Src/gpio.c **** 
  23:Core/Src/gpio.c **** /* USER CODE BEGIN 0 */
  24:Core/Src/gpio.c **** 
  25:Core/Src/gpio.c **** /* USER CODE END 0 */
  26:Core/Src/gpio.c **** 
  27:Core/Src/gpio.c **** /*----------------------------------------------------------------------------*/
  28:Core/Src/gpio.c **** /* Configure GPIO                                                             */
  29:Core/Src/gpio.c **** /*----------------------------------------------------------------------------*/
  30:Core/Src/gpio.c **** /* USER CODE BEGIN 1 */
ARM GAS  C:\Users\user-pc\AppData\Local\Temp\ccwbxUCi.s 			page 2


  31:Core/Src/gpio.c **** 
  32:Core/Src/gpio.c **** /* USER CODE END 1 */
  33:Core/Src/gpio.c **** 
  34:Core/Src/gpio.c **** /** Configure pins as
  35:Core/Src/gpio.c ****         * Analog
  36:Core/Src/gpio.c ****         * Input
  37:Core/Src/gpio.c ****         * Output
  38:Core/Src/gpio.c ****         * EVENT_OUT
  39:Core/Src/gpio.c ****         * EXTI
  40:Core/Src/gpio.c **** */
  41:Core/Src/gpio.c **** void MX_GPIO_Init(void)
  42:Core/Src/gpio.c **** {
  29              		.loc 1 42 1 view -0
  30              		.cfi_startproc
  31              		@ args = 0, pretend = 0, frame = 40
  32              		@ frame_needed = 0, uses_anonymous_args = 0
  33 0000 F0B5     		push	{r4, r5, r6, r7, lr}
  34              	.LCFI0:
  35              		.cfi_def_cfa_offset 20
  36              		.cfi_offset 4, -20
  37              		.cfi_offset 5, -16
  38              		.cfi_offset 6, -12
  39              		.cfi_offset 7, -8
  40              		.cfi_offset 14, -4
  41 0002 8BB0     		sub	sp, sp, #44
  42              	.LCFI1:
  43              		.cfi_def_cfa_offset 64
  43:Core/Src/gpio.c **** 
  44:Core/Src/gpio.c ****   GPIO_InitTypeDef GPIO_InitStruct = {0};
  44              		.loc 1 44 3 view .LVU1
  45              		.loc 1 44 20 is_stmt 0 view .LVU2
  46 0004 0024     		movs	r4, #0
  47 0006 0594     		str	r4, [sp, #20]
  48 0008 0694     		str	r4, [sp, #24]
  49 000a 0794     		str	r4, [sp, #28]
  50 000c 0894     		str	r4, [sp, #32]
  51 000e 0994     		str	r4, [sp, #36]
  45:Core/Src/gpio.c **** 
  46:Core/Src/gpio.c ****   /* GPIO Ports Clock Enable */
  47:Core/Src/gpio.c ****   __HAL_RCC_GPIOH_CLK_ENABLE();
  52              		.loc 1 47 3 is_stmt 1 view .LVU3
  53              	.LBB2:
  54              		.loc 1 47 3 view .LVU4
  55 0010 0194     		str	r4, [sp, #4]
  56              		.loc 1 47 3 view .LVU5
  57 0012 2E4B     		ldr	r3, .L3
  58 0014 1A6B     		ldr	r2, [r3, #48]
  59 0016 42F08002 		orr	r2, r2, #128
  60 001a 1A63     		str	r2, [r3, #48]
  61              		.loc 1 47 3 view .LVU6
  62 001c 1A6B     		ldr	r2, [r3, #48]
  63 001e 02F08002 		and	r2, r2, #128
  64 0022 0192     		str	r2, [sp, #4]
  65              		.loc 1 47 3 view .LVU7
  66 0024 019A     		ldr	r2, [sp, #4]
  67              	.LBE2:
  68              		.loc 1 47 3 view .LVU8
ARM GAS  C:\Users\user-pc\AppData\Local\Temp\ccwbxUCi.s 			page 3


  48:Core/Src/gpio.c ****   __HAL_RCC_GPIOC_CLK_ENABLE();
  69              		.loc 1 48 3 view .LVU9
  70              	.LBB3:
  71              		.loc 1 48 3 view .LVU10
  72 0026 0294     		str	r4, [sp, #8]
  73              		.loc 1 48 3 view .LVU11
  74 0028 1A6B     		ldr	r2, [r3, #48]
  75 002a 42F00402 		orr	r2, r2, #4
  76 002e 1A63     		str	r2, [r3, #48]
  77              		.loc 1 48 3 view .LVU12
  78 0030 1A6B     		ldr	r2, [r3, #48]
  79 0032 02F00402 		and	r2, r2, #4
  80 0036 0292     		str	r2, [sp, #8]
  81              		.loc 1 48 3 view .LVU13
  82 0038 029A     		ldr	r2, [sp, #8]
  83              	.LBE3:
  84              		.loc 1 48 3 view .LVU14
  49:Core/Src/gpio.c ****   __HAL_RCC_GPIOA_CLK_ENABLE();
  85              		.loc 1 49 3 view .LVU15
  86              	.LBB4:
  87              		.loc 1 49 3 view .LVU16
  88 003a 0394     		str	r4, [sp, #12]
  89              		.loc 1 49 3 view .LVU17
  90 003c 1A6B     		ldr	r2, [r3, #48]
  91 003e 42F00102 		orr	r2, r2, #1
  92 0042 1A63     		str	r2, [r3, #48]
  93              		.loc 1 49 3 view .LVU18
  94 0044 1A6B     		ldr	r2, [r3, #48]
  95 0046 02F00102 		and	r2, r2, #1
  96 004a 0392     		str	r2, [sp, #12]
  97              		.loc 1 49 3 view .LVU19
  98 004c 039A     		ldr	r2, [sp, #12]
  99              	.LBE4:
 100              		.loc 1 49 3 view .LVU20
  50:Core/Src/gpio.c ****   __HAL_RCC_GPIOB_CLK_ENABLE();
 101              		.loc 1 50 3 view .LVU21
 102              	.LBB5:
 103              		.loc 1 50 3 view .LVU22
 104 004e 0494     		str	r4, [sp, #16]
 105              		.loc 1 50 3 view .LVU23
 106 0050 1A6B     		ldr	r2, [r3, #48]
 107 0052 42F00202 		orr	r2, r2, #2
 108 0056 1A63     		str	r2, [r3, #48]
 109              		.loc 1 50 3 view .LVU24
 110 0058 1B6B     		ldr	r3, [r3, #48]
 111 005a 03F00203 		and	r3, r3, #2
 112 005e 0493     		str	r3, [sp, #16]
 113              		.loc 1 50 3 view .LVU25
 114 0060 049B     		ldr	r3, [sp, #16]
 115              	.LBE5:
 116              		.loc 1 50 3 view .LVU26
  51:Core/Src/gpio.c **** 
  52:Core/Src/gpio.c ****   /*Configure GPIO pin Output Level */
  53:Core/Src/gpio.c ****   HAL_GPIO_WritePin(GPIOC, GPIO_PIN_2|GPIO_PIN_4|GPIO_PIN_7|GPIO_PIN_11, GPIO_PIN_RESET);
 117              		.loc 1 53 3 view .LVU27
 118 0062 1B4E     		ldr	r6, .L3+4
 119 0064 2246     		mov	r2, r4
ARM GAS  C:\Users\user-pc\AppData\Local\Temp\ccwbxUCi.s 			page 4


 120 0066 40F69401 		movw	r1, #2196
 121 006a 3046     		mov	r0, r6
 122 006c FFF7FEFF 		bl	HAL_GPIO_WritePin
 123              	.LVL0:
  54:Core/Src/gpio.c **** 
  55:Core/Src/gpio.c ****   /*Configure GPIO pin Output Level */
  56:Core/Src/gpio.c ****   HAL_GPIO_WritePin(GPIOA, GPIO_PIN_9|GPIO_PIN_13|GPIO_PIN_14, GPIO_PIN_RESET);
 124              		.loc 1 56 3 view .LVU28
 125 0070 184D     		ldr	r5, .L3+8
 126 0072 2246     		mov	r2, r4
 127 0074 4FF4C441 		mov	r1, #25088
 128 0078 2846     		mov	r0, r5
 129 007a FFF7FEFF 		bl	HAL_GPIO_WritePin
 130              	.LVL1:
  57:Core/Src/gpio.c **** 
  58:Core/Src/gpio.c ****   /*Configure GPIO pin Output Level */
  59:Core/Src/gpio.c ****   HAL_GPIO_WritePin(GPIOA, GPIO_PIN_10, GPIO_PIN_SET);
 131              		.loc 1 59 3 view .LVU29
 132 007e 0122     		movs	r2, #1
 133 0080 4FF48061 		mov	r1, #1024
 134 0084 2846     		mov	r0, r5
 135 0086 FFF7FEFF 		bl	HAL_GPIO_WritePin
 136              	.LVL2:
  60:Core/Src/gpio.c **** 
  61:Core/Src/gpio.c ****   /*Configure GPIO pins : PC2 PC4 PC7 PC11 */
  62:Core/Src/gpio.c ****   GPIO_InitStruct.Pin = GPIO_PIN_2|GPIO_PIN_4|GPIO_PIN_7|GPIO_PIN_11;
 137              		.loc 1 62 3 view .LVU30
 138              		.loc 1 62 23 is_stmt 0 view .LVU31
 139 008a 40F69403 		movw	r3, #2196
 140 008e 0593     		str	r3, [sp, #20]
  63:Core/Src/gpio.c ****   GPIO_InitStruct.Mode = GPIO_MODE_OUTPUT_PP;
 141              		.loc 1 63 3 is_stmt 1 view .LVU32
 142              		.loc 1 63 24 is_stmt 0 view .LVU33
 143 0090 0127     		movs	r7, #1
 144 0092 0697     		str	r7, [sp, #24]
  64:Core/Src/gpio.c ****   GPIO_InitStruct.Pull = GPIO_NOPULL;
 145              		.loc 1 64 3 is_stmt 1 view .LVU34
 146              		.loc 1 64 24 is_stmt 0 view .LVU35
 147 0094 0794     		str	r4, [sp, #28]
  65:Core/Src/gpio.c ****   GPIO_InitStruct.Speed = GPIO_SPEED_FREQ_LOW;
 148              		.loc 1 65 3 is_stmt 1 view .LVU36
 149              		.loc 1 65 25 is_stmt 0 view .LVU37
 150 0096 0894     		str	r4, [sp, #32]
  66:Core/Src/gpio.c ****   HAL_GPIO_Init(GPIOC, &GPIO_InitStruct);
 151              		.loc 1 66 3 is_stmt 1 view .LVU38
 152 0098 05A9     		add	r1, sp, #20
 153 009a 3046     		mov	r0, r6
 154 009c FFF7FEFF 		bl	HAL_GPIO_Init
 155              	.LVL3:
  67:Core/Src/gpio.c **** 
  68:Core/Src/gpio.c ****   /*Configure GPIO pins : PC3 PC5 PC8 PC12 */
  69:Core/Src/gpio.c ****   GPIO_InitStruct.Pin = GPIO_PIN_3|GPIO_PIN_5|GPIO_PIN_8|GPIO_PIN_12;
 156              		.loc 1 69 3 view .LVU39
 157              		.loc 1 69 23 is_stmt 0 view .LVU40
 158 00a0 41F22813 		movw	r3, #4392
 159 00a4 0593     		str	r3, [sp, #20]
  70:Core/Src/gpio.c ****   GPIO_InitStruct.Mode = GPIO_MODE_INPUT;
ARM GAS  C:\Users\user-pc\AppData\Local\Temp\ccwbxUCi.s 			page 5


 160              		.loc 1 70 3 is_stmt 1 view .LVU41
 161              		.loc 1 70 24 is_stmt 0 view .LVU42
 162 00a6 0694     		str	r4, [sp, #24]
  71:Core/Src/gpio.c ****   GPIO_InitStruct.Pull = GPIO_NOPULL;
 163              		.loc 1 71 3 is_stmt 1 view .LVU43
 164              		.loc 1 71 24 is_stmt 0 view .LVU44
 165 00a8 0794     		str	r4, [sp, #28]
  72:Core/Src/gpio.c ****   HAL_GPIO_Init(GPIOC, &GPIO_InitStruct);
 166              		.loc 1 72 3 is_stmt 1 view .LVU45
 167 00aa 05A9     		add	r1, sp, #20
 168 00ac 3046     		mov	r0, r6
 169 00ae FFF7FEFF 		bl	HAL_GPIO_Init
 170              	.LVL4:
  73:Core/Src/gpio.c **** 
  74:Core/Src/gpio.c ****   /*Configure GPIO pins : PA9 PA10 PA13 PA14 */
  75:Core/Src/gpio.c ****   GPIO_InitStruct.Pin = GPIO_PIN_9|GPIO_PIN_10|GPIO_PIN_13|GPIO_PIN_14;
 171              		.loc 1 75 3 view .LVU46
 172              		.loc 1 75 23 is_stmt 0 view .LVU47
 173 00b2 4FF4CC43 		mov	r3, #26112
 174 00b6 0593     		str	r3, [sp, #20]
  76:Core/Src/gpio.c ****   GPIO_InitStruct.Mode = GPIO_MODE_OUTPUT_PP;
 175              		.loc 1 76 3 is_stmt 1 view .LVU48
 176              		.loc 1 76 24 is_stmt 0 view .LVU49
 177 00b8 0697     		str	r7, [sp, #24]
  77:Core/Src/gpio.c ****   GPIO_InitStruct.Pull = GPIO_NOPULL;
 178              		.loc 1 77 3 is_stmt 1 view .LVU50
 179              		.loc 1 77 24 is_stmt 0 view .LVU51
 180 00ba 0794     		str	r4, [sp, #28]
  78:Core/Src/gpio.c ****   GPIO_InitStruct.Speed = GPIO_SPEED_FREQ_LOW;
 181              		.loc 1 78 3 is_stmt 1 view .LVU52
 182              		.loc 1 78 25 is_stmt 0 view .LVU53
 183 00bc 0894     		str	r4, [sp, #32]
  79:Core/Src/gpio.c ****   HAL_GPIO_Init(GPIOA, &GPIO_InitStruct);
 184              		.loc 1 79 3 is_stmt 1 view .LVU54
 185 00be 05A9     		add	r1, sp, #20
 186 00c0 2846     		mov	r0, r5
 187 00c2 FFF7FEFF 		bl	HAL_GPIO_Init
 188              	.LVL5:
  80:Core/Src/gpio.c **** 
  81:Core/Src/gpio.c **** }
 189              		.loc 1 81 1 is_stmt 0 view .LVU55
 190 00c6 0BB0     		add	sp, sp, #44
 191              	.LCFI2:
 192              		.cfi_def_cfa_offset 20
 193              		@ sp needed
 194 00c8 F0BD     		pop	{r4, r5, r6, r7, pc}
 195              	.L4:
 196 00ca 00BF     		.align	2
 197              	.L3:
 198 00cc 00380240 		.word	1073887232
 199 00d0 00080240 		.word	1073874944
 200 00d4 00000240 		.word	1073872896
 201              		.cfi_endproc
 202              	.LFE235:
 204              		.text
 205              	.Letext0:
 206              		.file 2 "c:\\program files (x86)\\gnu arm embedded toolchain\\10 2020-q4-major\\arm-none-eabi\\inc
ARM GAS  C:\Users\user-pc\AppData\Local\Temp\ccwbxUCi.s 			page 6


 207              		.file 3 "c:\\program files (x86)\\gnu arm embedded toolchain\\10 2020-q4-major\\arm-none-eabi\\inc
 208              		.file 4 "Drivers/CMSIS/Device/ST/STM32F4xx/Include/stm32f405xx.h"
 209              		.file 5 "Drivers/STM32F4xx_HAL_Driver/Inc/stm32f4xx_hal_gpio.h"
ARM GAS  C:\Users\user-pc\AppData\Local\Temp\ccwbxUCi.s 			page 7


DEFINED SYMBOLS
                            *ABS*:00000000 gpio.c
C:\Users\user-pc\AppData\Local\Temp\ccwbxUCi.s:18     .text.MX_GPIO_Init:00000000 $t
C:\Users\user-pc\AppData\Local\Temp\ccwbxUCi.s:26     .text.MX_GPIO_Init:00000000 MX_GPIO_Init
C:\Users\user-pc\AppData\Local\Temp\ccwbxUCi.s:198    .text.MX_GPIO_Init:000000cc $d

UNDEFINED SYMBOLS
HAL_GPIO_WritePin
HAL_GPIO_Init
